{"/Users/nhpunch/Desktop/study/deepl-hono-server/src/index.ts": {"path":"/Users/nhpunch/Desktop/study/deepl-hono-server/src/index.ts","statementMap":{"0":{"start":{"line":1,"column":0},"end":{"line":1,"column":23}},"1":{"start":{"line":3,"column":0},"end":{"line":3,"column":42}},"2":{"start":{"line":4,"column":0},"end":{"line":4,"column":35}},"3":{"start":{"line":5,"column":0},"end":{"line":5,"column":28}},"4":{"start":{"line":7,"column":0},"end":{"line":7,"column":40}},"5":{"start":{"line":10,"column":12},"end":{"line":10,"column":22}},"6":{"start":{"line":20,"column":0},"end":{"line":44,"column":3}},"7":{"start":{"line":21,"column":37},"end":{"line":21,"column":48}},"8":{"start":{"line":22,"column":21},"end":{"line":22,"column":44}},"9":{"start":{"line":24,"column":2},"end":{"line":42,"column":3}},"10":{"start":{"line":25,"column":4},"end":{"line":41,"column":5}},"11":{"start":{"line":26,"column":55},"end":{"line":26,"column":73}},"12":{"start":{"line":28,"column":6},"end":{"line":32,"column":7}},"13":{"start":{"line":29,"column":8},"end":{"line":31,"column":11}},"14":{"start":{"line":34,"column":22},"end":{"line":34,"column":77}},"15":{"start":{"line":35,"column":30},"end":{"line":35,"column":78}},"16":{"start":{"line":35,"column":66},"end":{"line":35,"column":77}},"17":{"start":{"line":37,"column":6},"end":{"line":37,"column":37}},"18":{"start":{"line":39,"column":26},"end":{"line":39,"column":113}},"19":{"start":{"line":40,"column":6},"end":{"line":40,"column":78}},"20":{"start":{"line":43,"column":2},"end":{"line":43,"column":53}},"21":{"start":{"line":46,"column":20},"end":{"line":46,"column":105}},"22":{"start":{"line":48,"column":0},"end":{"line":48,"column":11}},"23":{"start":{"line":50,"column":0},"end":{"line":50,"column":19}},"24":{"start":{"line":57,"column":85},"end":{"line":57,"column":40228}},"25":{"start":{"line":57,"column":89},"end":{"line":57,"column":40217}},"26":{"start":{"line":57,"column":40343},"end":{"line":57,"column":40349}},"27":{"start":{"line":57,"column":40464},"end":{"line":57,"column":40470}},"28":{"start":{"line":57,"column":40585},"end":{"line":57,"column":40591}},"29":{"start":{"line":57,"column":40710},"end":{"line":57,"column":40716}},"30":{"start":{"line":57,"column":40860},"end":{"line":57,"column":40866}}},"fnMap":{"0":{"name":"(anonymous_0)","decl":{"start":{"line":20,"column":23},"end":{"line":20,"column":28}},"loc":{"start":{"line":20,"column":33},"end":{"line":44,"column":1}}},"1":{"name":"(anonymous_1)","decl":{"start":{"line":35,"column":42},"end":{"line":35,"column":43}},"loc":{"start":{"line":35,"column":66},"end":{"line":35,"column":77}}},"2":{"name":"oo_cm","decl":{"start":{"line":57,"column":77},"end":{"line":57,"column":82}},"loc":{"start":{"line":57,"column":82},"end":{"line":57,"column":40229}}}},"branchMap":{"0":{"loc":{"start":{"line":24,"column":2},"end":{"line":42,"column":3}},"type":"if","locations":[{"start":{"line":24,"column":2},"end":{"line":42,"column":3}}]},"1":{"loc":{"start":{"line":28,"column":6},"end":{"line":32,"column":7}},"type":"if","locations":[{"start":{"line":28,"column":6},"end":{"line":32,"column":7}}]},"2":{"loc":{"start":{"line":28,"column":10},"end":{"line":28,"column":53}},"type":"binary-expr","locations":[{"start":{"line":28,"column":10},"end":{"line":28,"column":16}},{"start":{"line":28,"column":20},"end":{"line":28,"column":38}},{"start":{"line":28,"column":42},"end":{"line":28,"column":53}}]},"3":{"loc":{"start":{"line":57,"column":96},"end":{"line":57,"column":40216}},"type":"binary-expr","locations":[{"start":{"line":57,"column":96},"end":{"line":57,"column":133}},{"start":{"line":57,"column":137},"end":{"line":57,"column":40216}}]}},"s":{"0":1,"1":1,"2":1,"3":1,"4":1,"5":1,"6":1,"7":1,"8":1,"9":1,"10":1,"11":1,"12":1,"13":0,"14":1,"15":1,"16":2,"17":1,"18":0,"19":0,"20":0,"21":1,"22":1,"23":1,"24":1,"25":1,"26":1,"27":1,"28":1,"29":1,"30":1},"f":{"0":1,"1":2,"2":1},"b":{"0":[1],"1":[0],"2":[1,1,1],"3":[1,1]}}
}
